2026-03-25 15:29:02,252 - DEBUG - Data loaded successfully
2026-03-25 15:29:02,253 - DEBUG - Starting preprocessing
2026-03-25 15:29:02,303 - DEBUG - Duplicates removed
2026-03-25 15:29:02,322 - DEBUG - Missing values handled
2026-03-25 15:29:02,360 - DEBUG - Numerical features scaled
2026-03-25 15:29:02,367 - DEBUG - Starting preprocessing
2026-03-25 15:29:02,376 - DEBUG - Duplicates removed
2026-03-25 15:29:02,383 - DEBUG - Missing values handled
2026-03-25 15:29:02,395 - DEBUG - Numerical features scaled
2026-03-25 15:29:03,279 - DEBUG - Processed data saved successfully
2026-03-25 16:00:23,915 - ERROR - Pipeline failed: [Errno 2] No such file or directory: './data/raw/train.csv'
2026-03-25 16:43:20,614 - DEBUG - Data loaded successfully
2026-03-25 16:43:20,615 - DEBUG - Starting preprocessing
2026-03-25 16:43:20,660 - DEBUG - Duplicates removed
2026-03-25 16:43:20,677 - DEBUG - Missing values handled
2026-03-25 16:43:20,707 - DEBUG - Numerical features scaled
2026-03-25 16:43:20,713 - DEBUG - Starting preprocessing
2026-03-25 16:43:20,723 - DEBUG - Duplicates removed
2026-03-25 16:43:20,730 - DEBUG - Missing values handled
2026-03-25 16:43:20,741 - DEBUG - Numerical features scaled
2026-03-25 16:43:22,202 - DEBUG - Processed data saved successfully
2026-03-25 16:56:24,961 - DEBUG - Data loaded successfully
2026-03-25 16:56:24,962 - DEBUG - Starting preprocessing
2026-03-25 16:56:25,007 - DEBUG - Duplicates removed
2026-03-25 16:56:25,027 - DEBUG - Missing values handled
2026-03-25 16:56:25,062 - DEBUG - Numerical features scaled
2026-03-25 16:56:25,072 - DEBUG - Starting preprocessing
2026-03-25 16:56:25,079 - DEBUG - Duplicates removed
2026-03-25 16:56:25,088 - DEBUG - Missing values handled
2026-03-25 16:56:25,099 - DEBUG - Numerical features scaled
2026-03-25 16:56:26,539 - DEBUG - Processed data saved successfully
2026-03-25 16:59:56,807 - DEBUG - Data loaded successfully
2026-03-25 16:59:56,827 - DEBUG - Starting preprocessing
2026-03-25 16:59:56,968 - DEBUG - Duplicates removed
2026-03-25 16:59:57,046 - DEBUG - Missing values handled
2026-03-25 16:59:57,103 - DEBUG - Numerical features scaled
2026-03-25 16:59:57,123 - DEBUG - Starting preprocessing
2026-03-25 16:59:57,158 - DEBUG - Duplicates removed
2026-03-25 16:59:57,181 - DEBUG - Missing values handled
2026-03-25 16:59:57,245 - DEBUG - Numerical features scaled
2026-03-25 16:59:57,312 - ERROR - Pipeline failed: name 'output_path' is not defined
2026-03-25 17:00:50,513 - DEBUG - Data loaded successfully
2026-03-25 17:00:50,513 - DEBUG - Starting preprocessing
2026-03-25 17:00:50,543 - DEBUG - Duplicates removed
2026-03-25 17:00:50,562 - DEBUG - Missing values handled
2026-03-25 17:00:50,593 - DEBUG - Numerical features scaled
2026-03-25 17:00:50,600 - DEBUG - Starting preprocessing
2026-03-25 17:00:50,609 - DEBUG - Duplicates removed
2026-03-25 17:00:50,616 - DEBUG - Missing values handled
2026-03-25 17:00:50,627 - DEBUG - Numerical features scaled
2026-03-25 17:00:51,663 - DEBUG - Processed data saved successfully
2026-03-25 17:01:46,653 - DEBUG - Data loaded successfully
2026-03-25 17:01:46,653 - DEBUG - Starting preprocessing
2026-03-25 17:01:46,701 - DEBUG - Duplicates removed
2026-03-25 17:01:46,728 - DEBUG - Missing values handled
2026-03-25 17:01:46,769 - DEBUG - Numerical features scaled
2026-03-25 17:01:46,776 - DEBUG - Starting preprocessing
2026-03-25 17:01:46,786 - DEBUG - Duplicates removed
2026-03-25 17:01:46,796 - DEBUG - Missing values handled
2026-03-25 17:01:46,823 - DEBUG - Numerical features scaled
2026-03-25 17:01:48,444 - DEBUG - Processed data saved successfully
2026-03-25 18:58:37,058 - DEBUG - Data loaded successfully
2026-03-25 18:58:37,059 - DEBUG - Starting preprocessing
2026-03-25 18:58:37,101 - DEBUG - Duplicates removed
2026-03-25 18:58:37,120 - DEBUG - Missing values handled
2026-03-25 18:58:37,154 - DEBUG - Numerical features scaled
2026-03-25 18:58:37,162 - DEBUG - Starting preprocessing
2026-03-25 18:58:37,172 - DEBUG - Duplicates removed
2026-03-25 18:58:37,232 - DEBUG - Missing values handled
2026-03-25 18:58:37,286 - DEBUG - Numerical features scaled
2026-03-25 18:58:38,264 - DEBUG - Processed data saved successfully
2026-03-25 19:22:46,036 - DEBUG - Data loaded successfully
2026-03-25 19:22:46,037 - DEBUG - Starting preprocessing
2026-03-25 19:22:46,069 - DEBUG - Duplicates removed
2026-03-25 19:22:46,087 - DEBUG - Missing values handled
2026-03-25 19:22:46,117 - DEBUG - Numerical features scaled
2026-03-25 19:22:46,125 - DEBUG - Starting preprocessing
2026-03-25 19:22:46,133 - DEBUG - Duplicates removed
2026-03-25 19:22:46,142 - DEBUG - Missing values handled
2026-03-25 19:22:46,154 - DEBUG - Numerical features scaled
2026-03-25 19:22:46,922 - DEBUG - Processed data saved successfully
2026-03-25 19:25:05,637 - DEBUG - Data loaded successfully
2026-03-25 19:25:05,638 - DEBUG - Starting preprocessing
2026-03-25 19:25:05,674 - DEBUG - Duplicates removed
2026-03-25 19:25:05,693 - DEBUG - Missing values handled
2026-03-25 19:25:05,725 - DEBUG - Numerical features scaled
2026-03-25 19:25:05,732 - DEBUG - Starting preprocessing
2026-03-25 19:25:05,740 - DEBUG - Duplicates removed
2026-03-25 19:25:05,747 - DEBUG - Missing values handled
2026-03-25 19:25:05,758 - DEBUG - Numerical features scaled
2026-03-25 19:25:06,852 - DEBUG - Processed data saved successfully
2026-03-25 19:27:06,682 - DEBUG - Data loaded successfully
2026-03-25 19:27:06,684 - DEBUG - Starting preprocessing
2026-03-25 19:27:06,736 - DEBUG - Duplicates removed
2026-03-25 19:27:06,762 - DEBUG - Missing values handled
2026-03-25 19:27:06,805 - DEBUG - Numerical features scaled
2026-03-25 19:27:06,817 - DEBUG - Starting preprocessing
2026-03-25 19:27:06,834 - DEBUG - Duplicates removed
2026-03-25 19:27:06,846 - DEBUG - Missing values handled
2026-03-25 19:27:06,868 - DEBUG - Numerical features scaled
2026-03-25 19:27:08,452 - DEBUG - Processed data saved successfully
2026-03-25 19:29:19,825 - DEBUG - Data loaded successfully
2026-03-25 19:29:19,825 - DEBUG - Starting preprocessing
2026-03-25 19:29:19,854 - DEBUG - Duplicates removed
2026-03-25 19:29:19,870 - DEBUG - Missing values handled
2026-03-25 19:29:19,900 - DEBUG - Numerical features scaled
2026-03-25 19:29:19,905 - DEBUG - Starting preprocessing
2026-03-25 19:29:19,920 - DEBUG - Duplicates removed
2026-03-25 19:29:19,931 - DEBUG - Missing values handled
2026-03-25 19:29:19,949 - DEBUG - Numerical features scaled
2026-03-25 19:29:21,210 - DEBUG - Processed data saved successfully
2026-03-25 19:47:39,572 - DEBUG - Data loaded successfully
2026-03-25 19:47:39,574 - DEBUG - Starting preprocessing
2026-03-25 19:47:39,620 - DEBUG - Duplicates removed
2026-03-25 19:47:39,642 - DEBUG - Missing values handled
2026-03-25 19:47:39,680 - DEBUG - Numerical features scaled
2026-03-25 19:47:39,689 - DEBUG - Starting preprocessing
2026-03-25 19:47:39,707 - DEBUG - Duplicates removed
2026-03-25 19:47:39,721 - DEBUG - Missing values handled
2026-03-25 19:47:39,743 - DEBUG - Numerical features scaled
2026-03-25 19:47:41,227 - DEBUG - Processed data saved successfully
